./synth-exps/run-0/
[2024-05-10 17:04:04.432174] act_func .............. leakyrelu
[2024-05-10 17:04:04.432203] aug ................... False
[2024-05-10 17:04:04.432213] base .................. 8.0
[2024-05-10 17:04:04.432220] base_model_path ....... ./synth-exps/run-0/
[2024-05-10 17:04:04.432227] batch_size ............ None
[2024-05-10 17:04:04.432234] beta_nll .............. True
[2024-05-10 17:04:04.432241] burnin ................ 1000
[2024-05-10 17:04:04.432248] clip .................. 1000.0
[2024-05-10 17:04:04.432255] cont_shuff ............ False
[2024-05-10 17:04:04.432261] cycle_mode ............ triangular2
[2024-05-10 17:04:04.432268] data_seed ............. 1000
[2024-05-10 17:04:04.432274] dataset ............... sine
[2024-05-10 17:04:04.432281] diag .................. True
[2024-05-10 17:04:04.432287] dont_print_args ....... False
[2024-05-10 17:04:04.432294] epochs ................ 5000
[2024-05-10 17:04:04.432300] hidden_layers ......... 2
[2024-05-10 17:04:04.432306] hidden_size ........... 18
[2024-05-10 17:04:04.432313] homoskedastic_noise ... False
[2024-05-10 17:04:04.432319] laplace ............... False
[2024-05-10 17:04:04.432330] lr .................... 0.01
[2024-05-10 17:04:04.432337] lr_max ................ 0.01
[2024-05-10 17:04:04.432344] lr_min ................ 0.01
[2024-05-10 17:04:04.432350] mean_warmup ........... 2000
[2024-05-10 17:04:04.432357] mle ................... False
[2024-05-10 17:04:04.432363] per_param_loss ........ False
[2024-05-10 17:04:04.432370] pre_trained_path ...... None
[2024-05-10 17:04:04.432376] prec_act_func ......... softplus
[2024-05-10 17:04:04.432382] samp_size ............. 64
[2024-05-10 17:04:04.432389] step_size_up .......... 5000
[2024-05-10 17:04:04.432395] train_seed ............ 100
[2024-05-10 17:04:04.432402] var_param ............. True
main
ppml
False
Traceback (most recent call last):
  File "./train_1d.py", line 101, in <module>
    main(args)
  File "./train_1d.py", line 60, in main
    args.act_func, args.prec_act_func, args.epochs, args.lr, args.momentum,
AttributeError: 'Namespace' object has no attribute 'momentum'
