[2024-05-10 17:25:33.495921] act_func .............. leakyrelu
[2024-05-10 17:25:33.495949] aug ................... False
[2024-05-10 17:25:33.495959] base .................. 8.0
[2024-05-10 17:25:33.495966] base_model_path ....... ./uci-exps/yacht/run-2/
[2024-05-10 17:25:33.495974] batch_size ............ None
[2024-05-10 17:25:33.495980] beta_nll .............. False
[2024-05-10 17:25:33.495987] burnin ................ 1000
[2024-05-10 17:25:33.495994] clip .................. 1000.0
[2024-05-10 17:25:33.496000] cont_shuff ............ False
[2024-05-10 17:25:33.496007] cycle_mode ............ triangular2
[2024-05-10 17:25:33.496013] data_seed ............. 100
[2024-05-10 17:25:33.496019] dataset ............... yacht
[2024-05-10 17:25:33.496025] diag .................. False
[2024-05-10 17:25:33.496032] dont_print_args ....... False
[2024-05-10 17:25:33.496038] epochs ................ 250
[2024-05-10 17:25:33.496044] hidden_layers ......... 2
[2024-05-10 17:25:33.496051] hidden_size ........... 12
[2024-05-10 17:25:33.496057] homoskedastic_noise ... False
[2024-05-10 17:25:33.496063] laplace ............... False
[2024-05-10 17:25:33.496073] lr .................... 0.01
[2024-05-10 17:25:33.496080] lr_max ................ 0.01
[2024-05-10 17:25:33.496087] lr_min ................ 0.0001
[2024-05-10 17:25:33.496093] mean_warmup ........... 100
[2024-05-10 17:25:33.496100] mle ................... False
[2024-05-10 17:25:33.496106] per_param_loss ........ False
[2024-05-10 17:25:33.496112] pre_trained_path ...... None
[2024-05-10 17:25:33.496118] prec_act_func ......... softplus
[2024-05-10 17:25:33.496124] samp_size ............. 252
[2024-05-10 17:25:33.496131] step_size_up .......... 2500
[2024-05-10 17:25:33.496137] train_seed ............ 100
[2024-05-10 17:25:33.496143] var_param ............. False
main
cuda
  0%|          | 0/250 [00:00<?, ?it/s]  9%|▉         | 23/250 [00:00<00:01, 225.35it/s] 19%|█▉        | 47/250 [00:00<00:00, 228.49it/s] 28%|██▊       | 71/250 [00:00<00:00, 232.60it/s] 38%|███▊      | 96/250 [00:00<00:00, 238.03it/s] 48%|████▊     | 120/250 [00:00<00:00, 170.83it/s] 56%|█████▌    | 140/250 [00:00<00:00, 171.67it/s] 64%|██████▎   | 159/250 [00:00<00:00, 170.71it/s] 71%|███████   | 178/250 [00:00<00:00, 170.01it/s] 78%|███████▊  | 196/250 [00:01<00:00, 169.81it/s] 86%|████████▌ | 214/250 [00:01<00:00, 169.43it/s] 93%|█████████▎| 232/250 [00:01<00:00, 168.80it/s]100%|██████████| 250/250 [00:01<00:00, 169.99it/s]100%|██████████| 250/250 [00:01<00:00, 180.35it/s]
./uci-exps/yacht/run-2/first/full_checkpoint_epochs_249.pt
