[2024-05-10 17:25:23.337544] act_func .............. leakyrelu
[2024-05-10 17:25:23.337572] aug ................... False
[2024-05-10 17:25:23.337582] base .................. 8.0
[2024-05-10 17:25:23.337589] base_model_path ....... ./uci-exps/yacht/run-1/
[2024-05-10 17:25:23.337596] batch_size ............ None
[2024-05-10 17:25:23.337603] beta_nll .............. False
[2024-05-10 17:25:23.337609] burnin ................ 1000
[2024-05-10 17:25:23.337616] clip .................. 1000.0
[2024-05-10 17:25:23.337622] cont_shuff ............ False
[2024-05-10 17:25:23.337628] cycle_mode ............ triangular2
[2024-05-10 17:25:23.337635] data_seed ............. 100
[2024-05-10 17:25:23.337640] dataset ............... yacht
[2024-05-10 17:25:23.337647] diag .................. False
[2024-05-10 17:25:23.337653] dont_print_args ....... False
[2024-05-10 17:25:23.337659] epochs ................ 250
[2024-05-10 17:25:23.337665] hidden_layers ......... 2
[2024-05-10 17:25:23.337671] hidden_size ........... 12
[2024-05-10 17:25:23.337678] homoskedastic_noise ... False
[2024-05-10 17:25:23.337684] laplace ............... False
[2024-05-10 17:25:23.337694] lr .................... 0.01
[2024-05-10 17:25:23.337701] lr_max ................ 0.01
[2024-05-10 17:25:23.337707] lr_min ................ 0.0001
[2024-05-10 17:25:23.337714] mean_warmup ........... 100
[2024-05-10 17:25:23.337720] mle ................... False
[2024-05-10 17:25:23.337726] per_param_loss ........ False
[2024-05-10 17:25:23.337732] pre_trained_path ...... None
[2024-05-10 17:25:23.337738] prec_act_func ......... softplus
[2024-05-10 17:25:23.337744] samp_size ............. 252
[2024-05-10 17:25:23.337751] step_size_up .......... 2500
[2024-05-10 17:25:23.337756] train_seed ............ 100
[2024-05-10 17:25:23.337763] var_param ............. False
main
cuda
  0%|          | 0/250 [00:00<?, ?it/s]  9%|▉         | 23/250 [00:00<00:01, 223.46it/s] 19%|█▉        | 47/250 [00:00<00:00, 232.58it/s] 29%|██▉       | 72/250 [00:00<00:00, 239.05it/s] 39%|███▉      | 98/250 [00:00<00:00, 243.22it/s] 49%|████▉     | 123/250 [00:00<00:00, 166.44it/s] 57%|█████▋    | 143/250 [00:00<00:00, 165.66it/s] 65%|██████▍   | 162/250 [00:00<00:00, 165.36it/s] 72%|███████▏  | 180/250 [00:00<00:00, 167.72it/s] 79%|███████▉  | 198/250 [00:01<00:00, 169.00it/s] 86%|████████▋ | 216/250 [00:01<00:00, 170.08it/s] 94%|█████████▎| 234/250 [00:01<00:00, 170.32it/s]100%|██████████| 250/250 [00:01<00:00, 178.30it/s]
./uci-exps/yacht/run-1/first/full_checkpoint_epochs_249.pt
