[2024-05-10 17:25:13.124734] act_func .............. leakyrelu
[2024-05-10 17:25:13.124763] aug ................... False
[2024-05-10 17:25:13.124773] base .................. 8.0
[2024-05-10 17:25:13.124780] base_model_path ....... ./uci-exps/yacht/run-0/
[2024-05-10 17:25:13.124787] batch_size ............ None
[2024-05-10 17:25:13.124793] beta_nll .............. False
[2024-05-10 17:25:13.124800] burnin ................ 1000
[2024-05-10 17:25:13.124807] clip .................. 1000.0
[2024-05-10 17:25:13.124813] cont_shuff ............ False
[2024-05-10 17:25:13.124819] cycle_mode ............ triangular2
[2024-05-10 17:25:13.124826] data_seed ............. 100
[2024-05-10 17:25:13.124832] dataset ............... yacht
[2024-05-10 17:25:13.124838] diag .................. False
[2024-05-10 17:25:13.124845] dont_print_args ....... False
[2024-05-10 17:25:13.124851] epochs ................ 250
[2024-05-10 17:25:13.124857] hidden_layers ......... 2
[2024-05-10 17:25:13.124863] hidden_size ........... 12
[2024-05-10 17:25:13.124870] homoskedastic_noise ... False
[2024-05-10 17:25:13.124876] laplace ............... False
[2024-05-10 17:25:13.124886] lr .................... 0.01
[2024-05-10 17:25:13.124892] lr_max ................ 0.01
[2024-05-10 17:25:13.124899] lr_min ................ 0.0001
[2024-05-10 17:25:13.124906] mean_warmup ........... 100
[2024-05-10 17:25:13.124912] mle ................... False
[2024-05-10 17:25:13.124918] per_param_loss ........ False
[2024-05-10 17:25:13.124925] pre_trained_path ...... None
[2024-05-10 17:25:13.124931] prec_act_func ......... softplus
[2024-05-10 17:25:13.124937] samp_size ............. 252
[2024-05-10 17:25:13.124943] step_size_up .......... 2500
[2024-05-10 17:25:13.124949] train_seed ............ 100
[2024-05-10 17:25:13.124956] var_param ............. False
main
cuda
  0%|          | 0/250 [00:00<?, ?it/s]  9%|▉         | 23/250 [00:00<00:01, 221.38it/s] 19%|█▉        | 48/250 [00:00<00:00, 234.83it/s] 29%|██▉       | 73/250 [00:00<00:00, 238.95it/s] 39%|███▉      | 98/250 [00:00<00:00, 241.03it/s] 49%|████▉     | 123/250 [00:00<00:00, 168.92it/s] 57%|█████▋    | 143/250 [00:00<00:00, 169.07it/s] 65%|██████▍   | 162/250 [00:00<00:00, 169.10it/s] 72%|███████▏  | 181/250 [00:00<00:00, 168.87it/s] 80%|███████▉  | 199/250 [00:01<00:00, 170.89it/s] 87%|████████▋ | 217/250 [00:01<00:00, 169.94it/s] 94%|█████████▍| 235/250 [00:01<00:00, 170.11it/s]100%|██████████| 250/250 [00:01<00:00, 180.68it/s]
./uci-exps/yacht/run-0/first/full_checkpoint_epochs_249.pt
